<?xml version="1.0" encoding="UTF-8"?>
<!-- Generated by org.testng.reporters.JUnitXMLReporter -->
<testsuite hostname="LAPTOP-OLV808IP" ignored="0" name="Default test" tests="3" failures="0" timestamp="2022-11-05T20:13:02 IST" time="1.815" errors="0">
  <testcase name="printData" time="0.008" classname="testNg.Practice.DpClass"/>
  <testcase name="printData" time="0.001" classname="testNg.Practice.DpClass"/>
  <testcase name="printData" time="0.002" classname="testNg.Practice.DpClass"/>
</testsuite> <!-- Default test -->
